Determining if the pthread_create exist failed with the following output:
Change Dir: /home/aniruddha/Desktop/Composite_Layup/CUDA_experiments/build/CMakeFiles/CMakeTmp

Run Build Command:"/usr/bin/make" "cmTC_0c43b/fast"
/usr/bin/make -f CMakeFiles/cmTC_0c43b.dir/build.make CMakeFiles/cmTC_0c43b.dir/build
make[1]: Entering directory '/home/aniruddha/Desktop/Composite_Layup/CUDA_experiments/build/CMakeFiles/CMakeTmp'
Building C object CMakeFiles/cmTC_0c43b.dir/CheckSymbolExists.c.o
/usr/bin/cc    -fPIC    -o CMakeFiles/cmTC_0c43b.dir/CheckSymbolExists.c.o   -c /home/aniruddha/Desktop/Composite_Layup/CUDA_experiments/build/CMakeFiles/CMakeTmp/CheckSymbolExists.c
Linking C executable cmTC_0c43b
/usr/bin/cmake -E cmake_link_script CMakeFiles/cmTC_0c43b.dir/link.txt --verbose=1
/usr/bin/cc  -fPIC     CMakeFiles/cmTC_0c43b.dir/CheckSymbolExists.c.o  -o cmTC_0c43b 
CMakeFiles/cmTC_0c43b.dir/CheckSymbolExists.c.o: In function `main':
CheckSymbolExists.c:(.text+0x1b): undefined reference to `pthread_create'
collect2: error: ld returned 1 exit status
CMakeFiles/cmTC_0c43b.dir/build.make:97: recipe for target 'cmTC_0c43b' failed
make[1]: *** [cmTC_0c43b] Error 1
make[1]: Leaving directory '/home/aniruddha/Desktop/Composite_Layup/CUDA_experiments/build/CMakeFiles/CMakeTmp'
Makefile:126: recipe for target 'cmTC_0c43b/fast' failed
make: *** [cmTC_0c43b/fast] Error 2

File /home/aniruddha/Desktop/Composite_Layup/CUDA_experiments/build/CMakeFiles/CMakeTmp/CheckSymbolExists.c:
/* */
#include <pthread.h>

int main(int argc, char** argv)
{
  (void)argv;
#ifndef pthread_create
  return ((int*)(&pthread_create))[argc];
#else
  (void)argc;
  return 0;
#endif
}

Determining if the function pthread_create exists in the pthreads failed with the following output:
Change Dir: /home/aniruddha/Desktop/Composite_Layup/CUDA_experiments/build/CMakeFiles/CMakeTmp

Run Build Command:"/usr/bin/make" "cmTC_17710/fast"
/usr/bin/make -f CMakeFiles/cmTC_17710.dir/build.make CMakeFiles/cmTC_17710.dir/build
make[1]: Entering directory '/home/aniruddha/Desktop/Composite_Layup/CUDA_experiments/build/CMakeFiles/CMakeTmp'
Building C object CMakeFiles/cmTC_17710.dir/CheckFunctionExists.c.o
/usr/bin/cc    -fPIC -DCHECK_FUNCTION_EXISTS=pthread_create   -o CMakeFiles/cmTC_17710.dir/CheckFunctionExists.c.o   -c /usr/share/cmake-3.5/Modules/CheckFunctionExists.c
Linking C executable cmTC_17710
/usr/bin/cmake -E cmake_link_script CMakeFiles/cmTC_17710.dir/link.txt --verbose=1
/usr/bin/cc  -fPIC -DCHECK_FUNCTION_EXISTS=pthread_create    CMakeFiles/cmTC_17710.dir/CheckFunctionExists.c.o  -o cmTC_17710 -lpthreads 
/usr/bin/ld: cannot find -lpthreads
collect2: error: ld returned 1 exit status
CMakeFiles/cmTC_17710.dir/build.make:97: recipe for target 'cmTC_17710' failed
make[1]: *** [cmTC_17710] Error 1
make[1]: Leaving directory '/home/aniruddha/Desktop/Composite_Layup/CUDA_experiments/build/CMakeFiles/CMakeTmp'
Makefile:126: recipe for target 'cmTC_17710/fast' failed
make: *** [cmTC_17710/fast] Error 2


